Apellido: Gorgen Usuario: Corey,Legajo:1,Correo:mati, Clave:123, Perfil: vendedor Fecha y Hora de Acceso: 2024-06-14 16:43:40
Apellido: Gorgen Usuario: Corey,Legajo:1,Correo:mati, Clave:123, Perfil: vendedor Fecha y Hora de Acceso: 2024-06-14 16:43:54
Apellido: Gorgen Usuario: Corey,Legajo:1,Correo:mati, Clave:123, Perfil: vendedor Fecha y Hora de Acceso: 2024-06-14 16:45:23
Apellido: Gorgen Usuario: Corey,Legajo:1,Correo:mati, Clave:123, Perfil: vendedor Fecha y Hora de Acceso: 2024-06-14 16:48:11
Apellido: Gorgen Usuario: Corey,Legajo:1,Correo:mati, Clave:123, Perfil: vendedor Fecha y Hora de Acceso: 2024-06-14 16:52:06
Apellido: Gorgen Usuario: Corey,Legajo:1,Correo:mati, Clave:123, Perfil: vendedor Fecha y Hora de Acceso: 2024-06-14 16:54:17
Apellido: Gorgen Usuario: Corey,Legajo:1,Correo:mati, Clave:123, Perfil: vendedor Fecha y Hora de Acceso: 2024-06-14 16:56:26
Apellido: Gorgen Usuario: Corey,Legajo:1,Correo:mati, Clave:123, Perfil: vendedor Fecha y Hora de Acceso: 2024-06-14 17:13:47
Apellido: Gorgen Usuario: Corey,Legajo:1,Correo:mati, Clave:123, Perfil: vendedor Fecha y Hora de Acceso: 2024-06-14 17:32:51
Apellido: Gorgen Usuario: Corey,Legajo:1,Correo:mati, Clave:123, Perfil: vendedor Fecha y Hora de Acceso: 2024-06-14 17:34:21
Apellido: Gorgen Usuario: Corey,Legajo:1,Correo:mati, Clave:123, Perfil: vendedor Fecha y Hora de Acceso: 2024-06-14 23:01:47
Apellido: Gorgen Usuario: Corey,Legajo:1,Correo:mati, Clave:123, Perfil: vendedor Fecha y Hora de Acceso: 2024-06-14 23:03:25
Apellido: Gorgen Usuario: Corey,Legajo:1,Correo:mati, Clave:123, Perfil: vendedor Fecha y Hora de Acceso: 2024-06-14 23:08:08
Apellido: Gorgen Usuario: Corey,Legajo:1,Correo:mati, Clave:123, Perfil: vendedor Fecha y Hora de Acceso: 2024-06-14 23:10:50
Apellido: Gorgen Usuario: Corey,Legajo:1,Correo:mati, Clave:123, Perfil: vendedor Fecha y Hora de Acceso: 2024-06-14 23:11:40
Apellido: Gorgen Usuario: Corey,Legajo:1,Correo:mati, Clave:123, Perfil: vendedor Fecha y Hora de Acceso: 2024-06-14 23:14:43
Apellido: Gorgen Usuario: Corey,Legajo:1,Correo:mati, Clave:123, Perfil: vendedor Fecha y Hora de Acceso: 2024-06-14 23:18:04
Apellido: Gorgen Usuario: Corey,Legajo:1,Correo:mati, Clave:123, Perfil: vendedor Fecha y Hora de Acceso: 2024-06-14 23:19:00
Apellido: Gorgen Usuario: Corey,Legajo:1,Correo:mati, Clave:123, Perfil: vendedor Fecha y Hora de Acceso: 2024-06-14 23:22:09
Apellido: Gorgen Usuario: Corey,Legajo:1,Correo:mati, Clave:123, Perfil: vendedor Fecha y Hora de Acceso: 2024-06-14 23:22:38
Apellido: Gorgen Usuario: Corey,Legajo:1,Correo:mati, Clave:123, Perfil: vendedor Fecha y Hora de Acceso: 2024-06-14 23:31:33
Apellido: Gorgen Usuario: Corey,Legajo:1,Correo:mati, Clave:123, Perfil: vendedor Fecha y Hora de Acceso: 2024-06-14 23:32:25
Apellido: Gorgen Usuario: Corey,Legajo:1,Correo:mati, Clave:123, Perfil: vendedor Fecha y Hora de Acceso: 2024-06-14 23:33:04
Apellido: Gorgen Usuario: Corey,Legajo:1,Correo:mati, Clave:123, Perfil: vendedor Fecha y Hora de Acceso: 2024-06-14 23:34:28
Apellido: Gorgen Usuario: Corey,Legajo:1,Correo:mati, Clave:123, Perfil: vendedor Fecha y Hora de Acceso: 2024-06-14 23:35:51
Apellido: Gorgen Usuario: Corey,Legajo:1,Correo:mati, Clave:123, Perfil: vendedor Fecha y Hora de Acceso: 2024-06-14 23:36:22
Apellido: Gorgen Usuario: Corey,Legajo:1,Correo:mati, Clave:123, Perfil: vendedor Fecha y Hora de Acceso: 2024-06-14 23:37:34
Apellido: Gorgen Usuario: Corey,Legajo:1,Correo:mati, Clave:123, Perfil: vendedor Fecha y Hora de Acceso: 2024-06-14 23:41:48
Apellido: Gorgen Usuario: Corey,Legajo:1,Correo:mati, Clave:123, Perfil: vendedor Fecha y Hora de Acceso: 2024-06-14 23:42:25
Apellido: Gorgen Usuario: Corey,Legajo:1,Correo:mati, Clave:123, Perfil: vendedor Fecha y Hora de Acceso: 2024-06-14 23:52:09
Apellido: Gorgen Usuario: Corey,Legajo:1,Correo:mati, Clave:123, Perfil: vendedor Fecha y Hora de Acceso: 2024-06-14 23:55:47
Apellido: Gorgen Usuario: Corey,Legajo:1,Correo:mati, Clave:123, Perfil: vendedor Fecha y Hora de Acceso: 2024-06-14 23:58:43
Apellido: Gorgen Usuario: Corey,Legajo:1,Correo:mati, Clave:123, Perfil: vendedor Fecha y Hora de Acceso: 2024-06-14 23:59:47
Apellido: Gorgen Usuario: Corey,Legajo:1,Correo:mati, Clave:123, Perfil: vendedor Fecha y Hora de Acceso: 2024-06-15 00:23:27
Apellido: Gorgen Usuario: Corey,Legajo:1,Correo:mati, Clave:123, Perfil: vendedor Fecha y Hora de Acceso: 2024-06-15 00:26:02
Apellido: Gorgen Usuario: Corey,Legajo:1,Correo:mati, Clave:123, Perfil: vendedor Fecha y Hora de Acceso: 2024-06-15 00:28:15
Apellido: Gorgen Usuario: Corey,Legajo:1,Correo:mati, Clave:123, Perfil: vendedor Fecha y Hora de Acceso: 2024-06-15 00:42:05
Apellido: Gorgen Usuario: Corey,Legajo:1,Correo:mati, Clave:123, Perfil: vendedor Fecha y Hora de Acceso: 2024-06-15 00:45:43
Apellido: Gorgen Usuario: Corey,Legajo:1,Correo:mati, Clave:123, Perfil: vendedor Fecha y Hora de Acceso: 2024-06-15 00:46:39
Apellido: Gorgen Usuario: Corey,Legajo:1,Correo:mati, Clave:123, Perfil: vendedor Fecha y Hora de Acceso: 2024-06-15 00:51:32
Apellido: Gorgen Usuario: Corey,Legajo:1,Correo:mati, Clave:123, Perfil: vendedor Fecha y Hora de Acceso: 2024-06-15 00:51:58
Apellido: Gorgen Usuario: Corey,Legajo:1,Correo:mati, Clave:123, Perfil: vendedor Fecha y Hora de Acceso: 2024-06-15 00:59:52
Apellido: Gorgen Usuario: Corey,Legajo:1,Correo:mati, Clave:123, Perfil: vendedor Fecha y Hora de Acceso: 2024-06-15 01:00:25
Apellido: Gorgen Usuario: Corey,Legajo:1,Correo:mati, Clave:123, Perfil: vendedor Fecha y Hora de Acceso: 2024-06-15 01:01:05
Apellido: Gorgen Usuario: Corey,Legajo:1,Correo:mati, Clave:123, Perfil: vendedor Fecha y Hora de Acceso: 2024-06-15 01:28:57
Apellido: Gorgen Usuario: Corey,Legajo:1,Correo:mati, Clave:123, Perfil: vendedor Fecha y Hora de Acceso: 2024-06-15 01:32:17
Apellido: Gorgen Usuario: Corey,Legajo:1,Correo:mati, Clave:123, Perfil: vendedor Fecha y Hora de Acceso: 2024-06-15 01:33:19
Apellido: Gorgen Usuario: Corey,Legajo:1,Correo:mati, Clave:123, Perfil: vendedor Fecha y Hora de Acceso: 2024-06-15 01:34:19
Apellido: Gorgen Usuario: Corey,Legajo:1,Correo:mati, Clave:123, Perfil: vendedor Fecha y Hora de Acceso: 2024-06-15 01:35:22
Apellido: Gorgen Usuario: Corey,Legajo:1,Correo:mati, Clave:123, Perfil: vendedor Fecha y Hora de Acceso: 2024-06-15 01:41:34
Apellido: Gorgen Usuario: Corey,Legajo:1,Correo:mati, Clave:123, Perfil: vendedor Fecha y Hora de Acceso: 2024-06-15 01:49:52
Apellido: Gorgen Usuario: Corey,Legajo:1,Correo:mati, Clave:123, Perfil: vendedor Fecha y Hora de Acceso: 2024-06-15 01:52:00
Apellido: Gorgen Usuario: Corey,Legajo:1,Correo:mati, Clave:123, Perfil: vendedor Fecha y Hora de Acceso: 2024-06-15 01:53:22
Apellido: Gorgen Usuario: Corey,Legajo:1,Correo:mati, Clave:123, Perfil: vendedor Fecha y Hora de Acceso: 2024-06-15 01:53:47
Apellido: Gorgen Usuario: Corey,Legajo:1,Correo:mati, Clave:123, Perfil: vendedor Fecha y Hora de Acceso: 2024-06-15 01:56:01
Apellido: Gorgen Usuario: Corey,Legajo:1,Correo:mati, Clave:123, Perfil: vendedor Fecha y Hora de Acceso: 2024-06-15 01:57:38
Apellido: Gorgen Usuario: Corey,Legajo:1,Correo:mati, Clave:123, Perfil: vendedor Fecha y Hora de Acceso: 2024-06-15 01:58:55
Apellido: Gorgen Usuario: Corey,Legajo:1,Correo:mati, Clave:123, Perfil: vendedor Fecha y Hora de Acceso: 2024-06-15 02:00:24
Apellido: Gorgen Usuario: Corey,Legajo:1,Correo:mati, Clave:123, Perfil: vendedor Fecha y Hora de Acceso: 2024-06-15 02:04:48
Apellido: Gorgen Usuario: Corey,Legajo:1,Correo:mati, Clave:123, Perfil: vendedor Fecha y Hora de Acceso: 2024-06-15 02:06:51
Apellido: Gorgen Usuario: Corey,Legajo:1,Correo:mati, Clave:123, Perfil: vendedor Fecha y Hora de Acceso: 2024-06-15 02:08:43
Apellido: Gorgen Usuario: Corey,Legajo:1,Correo:mati, Clave:123, Perfil: vendedor Fecha y Hora de Acceso: 2024-06-15 02:09:10
Apellido: Gorgen Usuario: Corey,Legajo:1,Correo:mati, Clave:123, Perfil: vendedor Fecha y Hora de Acceso: 2024-06-15 02:10:32
Apellido: Gorgen Usuario: Corey,Legajo:1,Correo:mati, Clave:123, Perfil: vendedor Fecha y Hora de Acceso: 2024-06-15 02:12:47
Apellido: Gorgen Usuario: Corey,Legajo:1,Correo:mati, Clave:123, Perfil: vendedor Fecha y Hora de Acceso: 2024-06-15 02:13:18
Apellido: Gorgen Usuario: Corey,Legajo:1,Correo:mati, Clave:123, Perfil: vendedor Fecha y Hora de Acceso: 2024-06-15 02:15:42
Apellido: Gorgen Usuario: Corey,Legajo:1,Correo:mati, Clave:123, Perfil: vendedor Fecha y Hora de Acceso: 2024-06-15 02:23:34
Apellido: Gorgen Usuario: Corey,Legajo:1,Correo:mati, Clave:123, Perfil: vendedor Fecha y Hora de Acceso: 2024-06-15 02:40:21
Apellido: Gorgen Usuario: Corey,Legajo:1,Correo:mati, Clave:123, Perfil: vendedor Fecha y Hora de Acceso: 2024-06-15 18:37:04
Apellido: Gorgen Usuario: Corey,Legajo:1,Correo:mati, Clave:123, Perfil: vendedor Fecha y Hora de Acceso: 2024-06-15 18:41:53
Apellido: Gorgen Usuario: Corey,Legajo:1,Correo:mati, Clave:123, Perfil: vendedor Fecha y Hora de Acceso: 2024-06-15 18:51:28
Apellido: Gorgen Usuario: Corey,Legajo:1,Correo:mati, Clave:123, Perfil: vendedor Fecha y Hora de Acceso: 2024-06-15 18:53:52
Apellido: Gorgen Usuario: Corey,Legajo:1,Correo:mati, Clave:123, Perfil: vendedor Fecha y Hora de Acceso: 2024-06-15 18:54:54
Apellido: Gorgen Usuario: Corey,Legajo:1,Correo:mati, Clave:123, Perfil: vendedor Fecha y Hora de Acceso: 2024-06-15 18:55:18
Apellido: Gorgen Usuario: Corey,Legajo:1,Correo:mati, Clave:123, Perfil: vendedor Fecha y Hora de Acceso: 2024-06-15 19:21:01
Apellido: Gorgen Usuario: Corey,Legajo:1,Correo:mati, Clave:123, Perfil: vendedor Fecha y Hora de Acceso: 2024-06-15 19:28:42
Apellido: Gorgen Usuario: Corey,Legajo:1,Correo:mati, Clave:123, Perfil: vendedor Fecha y Hora de Acceso: 2024-06-15 19:34:28
Apellido: Gorgen Usuario: Corey,Legajo:1,Correo:mati, Clave:123, Perfil: vendedor Fecha y Hora de Acceso: 2024-06-16 14:36:56
Apellido: Gorgen Usuario: Corey,Legajo:1,Correo:mati, Clave:123, Perfil: vendedor Fecha y Hora de Acceso: 2024-06-16 15:48:54
Apellido: Gorgen Usuario: Corey,Legajo:1,Correo:mati, Clave:123, Perfil: vendedor Fecha y Hora de Acceso: 2024-06-16 15:51:27
Apellido: Gorgen Usuario: Corey,Legajo:1,Correo:mati, Clave:123, Perfil: vendedor Fecha y Hora de Acceso: 2024-06-16 15:58:55
Apellido: Gorgen Usuario: Corey,Legajo:1,Correo:mati, Clave:123, Perfil: vendedor Fecha y Hora de Acceso: 2024-06-16 16:05:11
Apellido: Gorgen Usuario: Corey,Legajo:1,Correo:mati, Clave:123, Perfil: vendedor Fecha y Hora de Acceso: 2024-06-16 16:35:10
Apellido: Gorgen Usuario: Corey,Legajo:1,Correo:mati, Clave:123, Perfil: vendedor Fecha y Hora de Acceso: 2024-06-16 16:37:22
Apellido: Gorgen Usuario: Corey,Legajo:1,Correo:mati, Clave:123, Perfil: vendedor Fecha y Hora de Acceso: 2024-06-16 16:38:37
Apellido: Gorgen Usuario: Corey,Legajo:1,Correo:mati, Clave:123, Perfil: vendedor Fecha y Hora de Acceso: 2024-06-16 16:39:26
Apellido: Gorgen Usuario: Corey,Legajo:1,Correo:mati, Clave:123, Perfil: vendedor Fecha y Hora de Acceso: 2024-06-16 16:39:39
Apellido: Gorgen Usuario: Corey,Legajo:1,Correo:mati, Clave:123, Perfil: vendedor Fecha y Hora de Acceso: 2024-06-16 16:39:52
Apellido: Gorgen Usuario: Corey,Legajo:1,Correo:mati, Clave:123, Perfil: vendedor Fecha y Hora de Acceso: 2024-06-16 16:42:28
Apellido: Gorgen Usuario: Corey,Legajo:1,Correo:mati, Clave:123, Perfil: vendedor Fecha y Hora de Acceso: 2024-06-16 16:44:22
Apellido: Gorgen Usuario: Corey,Legajo:1,Correo:mati, Clave:123, Perfil: vendedor Fecha y Hora de Acceso: 2024-06-16 16:49:40
Apellido: Gorgen Usuario: Corey,Legajo:1,Correo:mati, Clave:123, Perfil: vendedor Fecha y Hora de Acceso: 2024-06-16 17:02:30
Apellido: Gorgen Usuario: Corey,Legajo:1,Correo:mati, Clave:123, Perfil: vendedor Fecha y Hora de Acceso: 2024-06-16 17:04:43
Apellido: Gorgen Usuario: Corey,Legajo:1,Correo:mati, Clave:123, Perfil: vendedor Fecha y Hora de Acceso: 2024-06-16 17:06:54
Apellido: Gorgen Usuario: Corey,Legajo:1,Correo:mati, Clave:123, Perfil: vendedor Fecha y Hora de Acceso: 2024-06-16 18:28:45
Apellido: Gorgen Usuario: Corey,Legajo:1,Correo:mati, Clave:123, Perfil: vendedor Fecha y Hora de Acceso: 2024-06-16 18:31:27
Apellido: Gorgen Usuario: Corey,Legajo:1,Correo:mati, Clave:123, Perfil: vendedor Fecha y Hora de Acceso: 2024-06-16 18:45:25
Apellido: Gorgen Usuario: Corey,Legajo:1,Correo:mati, Clave:123, Perfil: vendedor Fecha y Hora de Acceso: 2024-06-16 18:55:12
Apellido: Gorgen Usuario: Corey,Legajo:1,Correo:mati, Clave:123, Perfil: vendedor Fecha y Hora de Acceso: 2024-06-16 19:49:56
Apellido: Gorgen Usuario: Corey,Legajo:1,Correo:mati, Clave:123, Perfil: vendedor Fecha y Hora de Acceso: 2024-06-16 19:59:22
Apellido: Gorgen Usuario: Corey,Legajo:1,Correo:mati, Clave:123, Perfil: vendedor Fecha y Hora de Acceso: 2024-06-17 16:29:34
Apellido: Gorgen Usuario: Corey,Legajo:1,Correo:mati, Clave:123, Perfil: vendedor Fecha y Hora de Acceso: 2024-06-17 17:14:02
Apellido: Gorgen Usuario: Corey,Legajo:1,Correo:mati, Clave:123, Perfil: vendedor Fecha y Hora de Acceso: 2024-06-17 17:18:42
Apellido: Gorgen Usuario: Corey,Legajo:1,Correo:mati, Clave:123, Perfil: vendedor Fecha y Hora de Acceso: 2024-06-17 17:19:39
Apellido: Gorgen Usuario: Corey,Legajo:1,Correo:mati, Clave:123, Perfil: vendedor Fecha y Hora de Acceso: 2024-06-17 17:22:35
Apellido: Gorgen Usuario: Corey,Legajo:1,Correo:mati, Clave:123, Perfil: vendedor Fecha y Hora de Acceso: 2024-06-17 17:31:43
Apellido: Gorgen Usuario: Corey,Legajo:1,Correo:mati, Clave:123, Perfil: vendedor Fecha y Hora de Acceso: 2024-06-17 17:58:32
Apellido: Gorgen Usuario: Corey,Legajo:1,Correo:mati, Clave:123, Perfil: vendedor Fecha y Hora de Acceso: 2024-06-17 17:58:50
Apellido: Gorgen Usuario: Corey,Legajo:1,Correo:mati, Clave:123, Perfil: vendedor Fecha y Hora de Acceso: 2024-06-17 17:58:59
Apellido: Gorgen Usuario: Corey,Legajo:1,Correo:mati, Clave:123, Perfil: vendedor Fecha y Hora de Acceso: 2024-06-17 18:01:41
Apellido: Gorgen Usuario: Corey,Legajo:1,Correo:mati, Clave:123, Perfil: vendedor Fecha y Hora de Acceso: 2024-06-17 18:02:15
Apellido: Gorgen Usuario: Corey,Legajo:1,Correo:mati, Clave:123, Perfil: vendedor Fecha y Hora de Acceso: 2024-06-17 18:47:34
Apellido: Gorgen Usuario: Corey,Legajo:1,Correo:mati, Clave:123, Perfil: vendedor Fecha y Hora de Acceso: 2024-06-17 18:47:54
Apellido: Gorgen Usuario: Corey,Legajo:1,Correo:mati, Clave:123, Perfil: vendedor Fecha y Hora de Acceso: 2024-06-17 18:49:14
Apellido: Gorgen Usuario: Corey,Legajo:1,Correo:mati, Clave:123, Perfil: vendedor Fecha y Hora de Acceso: 2024-06-17 18:49:25
Apellido: Gorgen Usuario: Corey,Legajo:1,Correo:mati, Clave:123, Perfil: vendedor Fecha y Hora de Acceso: 2024-06-17 18:49:33
Apellido: Gorgen Usuario: Corey,Legajo:1,Correo:mati, Clave:123, Perfil: vendedor Fecha y Hora de Acceso: 2024-06-17 18:49:43
Apellido: Gorgen Usuario: Corey,Legajo:1,Correo:mati, Clave:123, Perfil: vendedor Fecha y Hora de Acceso: 2024-06-17 18:51:21
Apellido: Gorgen Usuario: Corey,Legajo:1,Correo:mati, Clave:123, Perfil: vendedor Fecha y Hora de Acceso: 2024-06-17 18:53:17
Apellido: Gorgen Usuario: Corey,Legajo:1,Correo:mati, Clave:123, Perfil: vendedor Fecha y Hora de Acceso: 2024-06-17 18:54:36
Apellido: Gorgen Usuario: Corey,Legajo:1,Correo:mati, Clave:123, Perfil: vendedor Fecha y Hora de Acceso: 2024-06-17 18:55:03
Apellido: Gorgen Usuario: Corey,Legajo:1,Correo:mati, Clave:123, Perfil: vendedor Fecha y Hora de Acceso: 2024-06-17 18:56:17
Apellido: Gorgen Usuario: Corey,Legajo:1,Correo:mati, Clave:123, Perfil: vendedor Fecha y Hora de Acceso: 2024-06-17 18:56:21
Apellido: Gorgen Usuario: Corey,Legajo:1,Correo:mati, Clave:123, Perfil: vendedor Fecha y Hora de Acceso: 2024-06-17 18:56:23
Apellido: Gorgen Usuario: Corey,Legajo:1,Correo:mati, Clave:123, Perfil: vendedor Fecha y Hora de Acceso: 2024-06-17 18:56:27
Apellido: Gorgen Usuario: Corey,Legajo:1,Correo:mati, Clave:123, Perfil: vendedor Fecha y Hora de Acceso: 2024-06-17 18:57:43
Apellido: Gorgen Usuario: Corey,Legajo:1,Correo:mati, Clave:123, Perfil: vendedor Fecha y Hora de Acceso: 2024-06-17 19:02:07
Apellido: Gorgen Usuario: Corey,Legajo:1,Correo:mati, Clave:123, Perfil: vendedor Fecha y Hora de Acceso: 2024-06-17 19:03:15
Apellido: Gorgen Usuario: Corey,Legajo:1,Correo:mati, Clave:123, Perfil: vendedor Fecha y Hora de Acceso: 2024-06-17 19:04:33
Apellido: Gorgen Usuario: Corey,Legajo:1,Correo:mati, Clave:123, Perfil: vendedor Fecha y Hora de Acceso: 2024-06-17 19:05:21
Apellido: Gorgen Usuario: Corey,Legajo:1,Correo:mati, Clave:123, Perfil: vendedor Fecha y Hora de Acceso: 2024-06-17 19:05:52
Apellido: Gorgen Usuario: Corey,Legajo:1,Correo:mati, Clave:123, Perfil: vendedor Fecha y Hora de Acceso: 2024-06-17 19:06:07
Apellido: Gorgen Usuario: Corey,Legajo:1,Correo:mati, Clave:123, Perfil: vendedor Fecha y Hora de Acceso: 2024-06-17 19:06:41
Apellido: Gorgen Usuario: Corey,Legajo:1,Correo:mati, Clave:123, Perfil: vendedor Fecha y Hora de Acceso: 2024-06-17 19:09:40
Apellido: Gorgen Usuario: Corey,Legajo:1,Correo:mati, Clave:123, Perfil: vendedor Fecha y Hora de Acceso: 2024-06-17 19:10:04
Apellido: Gorgen Usuario: Corey,Legajo:1,Correo:mati, Clave:123, Perfil: vendedor Fecha y Hora de Acceso: 2024-06-17 19:11:17
Apellido: Gorgen Usuario: Corey,Legajo:1,Correo:mati, Clave:123, Perfil: vendedor Fecha y Hora de Acceso: 2024-06-17 19:21:43
Apellido: Gorgen Usuario: Corey,Legajo:1,Correo:mati, Clave:123, Perfil: vendedor Fecha y Hora de Acceso: 2024-06-17 19:36:09
Apellido: Gorgen Usuario: Corey,Legajo:1,Correo:mati, Clave:123, Perfil: vendedor Fecha y Hora de Acceso: 2024-06-17 19:38:13
Apellido: Gorgen Usuario: Corey,Legajo:1,Correo:mati, Clave:123, Perfil: vendedor Fecha y Hora de Acceso: 2024-06-17 19:39:17
Apellido: Gorgen Usuario: Corey,Legajo:1,Correo:mati, Clave:123, Perfil: vendedor Fecha y Hora de Acceso: 2024-06-17 19:44:05
Apellido: Gorgen Usuario: Corey,Legajo:1,Correo:mati, Clave:123, Perfil: vendedor Fecha y Hora de Acceso: 2024-06-17 19:47:10
Apellido: Gorgen Usuario: Corey,Legajo:1,Correo:mati, Clave:123, Perfil: vendedor Fecha y Hora de Acceso: 2024-06-17 19:48:40
Apellido: Gorgen Usuario: Corey,Legajo:1,Correo:mati, Clave:123, Perfil: vendedor Fecha y Hora de Acceso: 2024-06-17 19:54:33
Apellido: Gorgen Usuario: Corey,Legajo:1,Correo:mati, Clave:123, Perfil: vendedor Fecha y Hora de Acceso: 2024-06-17 20:06:16
Apellido: Gorgen Usuario: Corey,Legajo:1,Correo:mati, Clave:123, Perfil: vendedor Fecha y Hora de Acceso: 2024-06-17 20:14:09
Apellido: Gorgen Usuario: Corey,Legajo:1,Correo:mati, Clave:123, Perfil: vendedor Fecha y Hora de Acceso: 2024-06-17 20:14:49
Apellido: Gorgen Usuario: Corey,Legajo:1,Correo:mati, Clave:123, Perfil: vendedor Fecha y Hora de Acceso: 2024-06-17 20:14:53
Apellido: Gorgen Usuario: Corey,Legajo:1,Correo:mati, Clave:123, Perfil: vendedor Fecha y Hora de Acceso: 2024-06-17 20:19:20
Apellido: Gorgen Usuario: Corey,Legajo:1,Correo:mati, Clave:123, Perfil: vendedor Fecha y Hora de Acceso: 2024-06-17 20:24:19
Apellido: Gorgen Usuario: Corey,Legajo:1,Correo:mati, Clave:123, Perfil: vendedor Fecha y Hora de Acceso: 2024-06-17 20:26:49
Apellido: Gorgen Usuario: Corey,Legajo:1,Correo:mati, Clave:123, Perfil: vendedor Fecha y Hora de Acceso: 2024-06-17 20:26:53
Apellido: Gorgen Usuario: Corey,Legajo:1,Correo:mati, Clave:123, Perfil: vendedor Fecha y Hora de Acceso: 2024-06-17 20:45:12
Apellido: Gorgen Usuario: Corey,Legajo:1,Correo:mati, Clave:123, Perfil: vendedor Fecha y Hora de Acceso: 2024-06-17 20:51:04
Apellido: Gorgen Usuario: Corey,Legajo:1,Correo:mati, Clave:123, Perfil: vendedor Fecha y Hora de Acceso: 2024-06-17 20:52:15
Apellido: Gorgen Usuario: Corey,Legajo:1,Correo:mati, Clave:123, Perfil: vendedor Fecha y Hora de Acceso: 2024-06-17 20:59:00
Apellido: Gorgen Usuario: Corey,Legajo:1,Correo:mati, Clave:123, Perfil: vendedor Fecha y Hora de Acceso: 2024-06-17 21:03:10
Apellido: Gorgen Usuario: Corey,Legajo:1,Correo:mati, Clave:123, Perfil: vendedor Fecha y Hora de Acceso: 2024-06-17 21:03:53
Apellido: Gorgen Usuario: Corey,Legajo:1,Correo:mati, Clave:123, Perfil: vendedor Fecha y Hora de Acceso: 2024-06-17 21:05:21
Apellido: Gorgen Usuario: Corey,Legajo:1,Correo:mati, Clave:123, Perfil: vendedor Fecha y Hora de Acceso: 2024-06-17 21:06:19
Apellido: Gorgen Usuario: Corey,Legajo:1,Correo:mati, Clave:123, Perfil: vendedor Fecha y Hora de Acceso: 2024-06-17 21:07:04
Apellido: Gorgen Usuario: Corey,Legajo:1,Correo:mati, Clave:123, Perfil: vendedor Fecha y Hora de Acceso: 2024-06-17 21:08:19
Apellido: Gorgen Usuario: Corey,Legajo:1,Correo:mati, Clave:123, Perfil: vendedor Fecha y Hora de Acceso: 2024-06-17 21:08:49
Apellido: Gorgen Usuario: Corey,Legajo:1,Correo:mati, Clave:123, Perfil: vendedor Fecha y Hora de Acceso: 2024-06-17 22:01:07
Apellido: Gorgen Usuario: Corey,Legajo:1,Correo:mati, Clave:123, Perfil: vendedor Fecha y Hora de Acceso: 2024-06-18 10:39:48
Apellido: Gorgen Usuario: Corey,Legajo:1,Correo:mati, Clave:123, Perfil: vendedor Fecha y Hora de Acceso: 2024-06-18 10:44:24
Apellido: Gorgen Usuario: Corey,Legajo:1,Correo:mati, Clave:123, Perfil: vendedor Fecha y Hora de Acceso: 2024-06-18 10:53:40
Apellido: Gorgen Usuario: Corey,Legajo:1,Correo:mati, Clave:123, Perfil: vendedor Fecha y Hora de Acceso: 2024-06-18 11:11:30
Apellido: Gorgen Usuario: Corey,Legajo:1,Correo:mati, Clave:123, Perfil: vendedor Fecha y Hora de Acceso: 2024-06-18 11:44:15
Apellido: Gorgen Usuario: Corey,Legajo:1,Correo:mati, Clave:123, Perfil: vendedor Fecha y Hora de Acceso: 2024-06-18 18:24:24
Apellido: Gorgen Usuario: Corey,Legajo:1,Correo:mati, Clave:123, Perfil: vendedor Fecha y Hora de Acceso: 2024-06-18 18:25:40
Apellido: Gorgen Usuario: Corey,Legajo:1,Correo:mati, Clave:123, Perfil: vendedor Fecha y Hora de Acceso: 2024-06-18 18:38:03
Apellido: Harroll Usuario: Ingrid,Legajo:2,Correo:arbol, Clave:qweasdzx, Perfil: vendedor Fecha y Hora de Acceso: 2024-06-18 18:40:44
Apellido: Harris Usuario: Steve,Legajo:3,Correo:sharris@maiden.com.uk, Clave:eddie666, Perfil: vendedor Fecha y Hora de Acceso: 2024-06-18 18:43:33
Apellido: Harris Usuario: Steve,Legajo:3,Correo:sharris@maiden.com.uk, Clave:eddie666, Perfil: vendedor Fecha y Hora de Acceso: 2024-06-18 18:49:03
Apellido: Harris Usuario: Steve,Legajo:3,Correo:sharris@maiden.com.uk, Clave:eddie666, Perfil: vendedor Fecha y Hora de Acceso: 2024-06-18 18:50:48
Apellido: Harris Usuario: Steve,Legajo:3,Correo:sharris@maiden.com.uk, Clave:eddie666, Perfil: vendedor Fecha y Hora de Acceso: 2024-06-18 18:54:50
Apellido: Harris Usuario: Steve,Legajo:3,Correo:sharris@maiden.com.uk, Clave:eddie666, Perfil: vendedor Fecha y Hora de Acceso: 2024-06-18 18:58:19
Apellido: Jordan Usuario: Michael,Legajo:5,Correo:admin@admin.com, Clave:12345678, Perfil: administrador Fecha y Hora de Acceso: 2024-06-18 19:00:21
Apellido: Robinson Usuario: Tilda,Legajo:4,Correo:trobinson@super.com, Clave:12345678, Perfil: supervisor Fecha y Hora de Acceso: 2024-06-18 19:00:38
Apellido: Gorgen Usuario: Corey,Legajo:1,Correo:mati, Clave:123, Perfil: vendedor Fecha y Hora de Acceso: 2024-06-18 22:38:37
Apellido: Gorgen Usuario: Corey,Legajo:1,Correo:mati, Clave:123, Perfil: vendedor Fecha y Hora de Acceso: 2024-06-18 22:41:35
Apellido: Gorgen Usuario: Corey,Legajo:1,Correo:mati, Clave:123, Perfil: vendedor Fecha y Hora de Acceso: 2024-06-19 20:32:54
Apellido: Jordan Usuario: Michael,Legajo:5,Correo:admin@admin.com, Clave:12345678, Perfil: administrador Fecha y Hora de Acceso: 2024-06-19 20:33:15
Apellido: Gorgen Usuario: Corey,Legajo:1,Correo:mati, Clave:123, Perfil: vendedor Fecha y Hora de Acceso: 2024-06-19 20:36:50
Apellido: Gorgen Usuario: Corey,Legajo:1,Correo:mati, Clave:123, Perfil: vendedor Fecha y Hora de Acceso: 2024-06-19 20:37:17
Apellido: Gorgen Usuario: Corey,Legajo:1,Correo:mati, Clave:123, Perfil: vendedor Fecha y Hora de Acceso: 2024-06-19 20:37:39
Apellido: Gorgen Usuario: Corey,Legajo:1,Correo:mati, Clave:123, Perfil: vendedor Fecha y Hora de Acceso: 2024-06-19 20:37:50
Apellido: Gorgen Usuario: Corey,Legajo:1,Correo:mati, Clave:123, Perfil: vendedor Fecha y Hora de Acceso: 2024-06-19 20:40:21
Apellido: Gorgen Usuario: Corey,Legajo:1,Correo:mati, Clave:123, Perfil: vendedor Fecha y Hora de Acceso: 2024-06-19 20:40:42
Apellido: Gorgen Usuario: Corey,Legajo:1,Correo:mati, Clave:123, Perfil: vendedor Fecha y Hora de Acceso: 2024-06-19 20:41:02
Apellido: Gorgen Usuario: Corey,Legajo:1,Correo:mati, Clave:123, Perfil: vendedor Fecha y Hora de Acceso: 2024-06-19 20:41:15
Apellido: Gorgen Usuario: Corey,Legajo:1,Correo:mati, Clave:123, Perfil: vendedor Fecha y Hora de Acceso: 2024-06-19 20:41:29
Apellido: Gorgen Usuario: Corey,Legajo:1,Correo:mati, Clave:123, Perfil: vendedor Fecha y Hora de Acceso: 2024-06-19 20:41:50
Apellido: Gorgen Usuario: Corey,Legajo:1,Correo:mati, Clave:123, Perfil: vendedor Fecha y Hora de Acceso: 2024-06-19 20:42:01
Apellido: Gorgen Usuario: Corey,Legajo:1,Correo:mati, Clave:123, Perfil: vendedor Fecha y Hora de Acceso: 2024-06-19 20:42:20
Apellido: Gorgen Usuario: Corey,Legajo:1,Correo:mati, Clave:123, Perfil: vendedor Fecha y Hora de Acceso: 2024-06-19 20:48:04
Apellido: Gorgen Usuario: Corey,Legajo:1,Correo:mati, Clave:123, Perfil: vendedor Fecha y Hora de Acceso: 2024-06-19 20:48:57
Apellido: Gorgen Usuario: Corey,Legajo:1,Correo:mati, Clave:123, Perfil: vendedor Fecha y Hora de Acceso: 2024-06-19 20:50:37
Apellido: Gorgen Usuario: Corey,Legajo:1,Correo:mati, Clave:123, Perfil: vendedor Fecha y Hora de Acceso: 2024-06-19 20:52:01
Apellido: Gorgen Usuario: Corey,Legajo:1,Correo:mati, Clave:123, Perfil: vendedor Fecha y Hora de Acceso: 2024-06-19 20:52:49
Apellido: Gorgen Usuario: Corey,Legajo:1,Correo:mati, Clave:123, Perfil: vendedor Fecha y Hora de Acceso: 2024-06-19 20:53:21
Apellido: Gorgen Usuario: Corey,Legajo:1,Correo:mati, Clave:123, Perfil: vendedor Fecha y Hora de Acceso: 2024-06-19 20:54:36
Apellido: Gorgen Usuario: Corey,Legajo:1,Correo:mati, Clave:123, Perfil: vendedor Fecha y Hora de Acceso: 2024-06-19 20:55:23
Apellido: Gorgen Usuario: Corey,Legajo:1,Correo:mati, Clave:123, Perfil: vendedor Fecha y Hora de Acceso: 2024-06-19 21:02:24
